2025-12-29 01:34:02,955 - api - INFO - Ensured directory exists: E:\previous D\ImportantFiles\Study\ThirdF\SA\bigwork\ai_service\ai_service\data\vector_db
2025-12-29 01:34:02,956 - api - INFO - Ensured directory exists: E:\previous D\ImportantFiles\Study\ThirdF\SA\bigwork\ai_service\ai_service\storage\documents
2025-12-29 01:34:02,957 - api - INFO - Ensured directory exists: E:\previous D\ImportantFiles\Study\ThirdF\SA\bigwork\ai_service\ai_service\storage\temp
2025-12-29 01:34:02,957 - api - INFO - Ensured directory exists: E:\previous D\ImportantFiles\Study\ThirdF\SA\bigwork\ai_service\ai_service\logs
2025-12-29 01:34:03,036 - api - INFO - Loaded user KB settings from user_kb_settings.json
2025-12-29 01:40:54,973 - api - INFO - Ensured directory exists: E:\previous D\ImportantFiles\Study\ThirdF\SA\bigwork\ai_service\ai_service\private_kb\user_81e5406c-86a5-4e45-bebc-0ce1def0364c\data\vector_db
2025-12-29 01:40:54,975 - api - INFO - Ensured directory exists: E:\previous D\ImportantFiles\Study\ThirdF\SA\bigwork\ai_service\ai_service\private_kb\user_81e5406c-86a5-4e45-bebc-0ce1def0364c\storage\documents
2025-12-29 01:40:54,976 - api - INFO - Ensured directory exists: E:\previous D\ImportantFiles\Study\ThirdF\SA\bigwork\ai_service\ai_service\private_kb\user_81e5406c-86a5-4e45-bebc-0ce1def0364c\storage\temp
2025-12-29 01:40:54,976 - api - INFO - Ensured directory exists: E:\previous D\ImportantFiles\Study\ThirdF\SA\bigwork\ai_service\ai_service\private_kb\user_81e5406c-86a5-4e45-bebc-0ce1def0364c\logs
2025-12-29 01:40:55,049 - api - INFO - 用户 81e5406c-86a5-4e45-bebc-0ce1def0364c 的服务实例已创建，当前知识库: ['private']
2025-12-29 03:05:31,469 - api - INFO - Ensured directory exists: E:\previous D\ImportantFiles\Study\ThirdF\SA\bigwork\ai_service\ai_service\data\vector_db
2025-12-29 03:05:31,470 - api - INFO - Ensured directory exists: E:\previous D\ImportantFiles\Study\ThirdF\SA\bigwork\ai_service\ai_service\storage\documents
2025-12-29 03:05:31,471 - api - INFO - Ensured directory exists: E:\previous D\ImportantFiles\Study\ThirdF\SA\bigwork\ai_service\ai_service\storage\temp
2025-12-29 03:05:31,472 - api - INFO - Ensured directory exists: E:\previous D\ImportantFiles\Study\ThirdF\SA\bigwork\ai_service\ai_service\logs
2025-12-29 03:05:31,625 - api - INFO - Loaded user KB settings from user_kb_settings.json
2025-12-29 03:08:49,640 - api - INFO - Ensured directory exists: E:\previous D\ImportantFiles\Study\ThirdF\SA\bigwork\ai_service\ai_service\data\vector_db
2025-12-29 03:08:49,640 - api - INFO - Ensured directory exists: E:\previous D\ImportantFiles\Study\ThirdF\SA\bigwork\ai_service\ai_service\storage\documents
2025-12-29 03:08:49,641 - api - INFO - Ensured directory exists: E:\previous D\ImportantFiles\Study\ThirdF\SA\bigwork\ai_service\ai_service\storage\temp
2025-12-29 03:08:49,641 - api - INFO - Ensured directory exists: E:\previous D\ImportantFiles\Study\ThirdF\SA\bigwork\ai_service\ai_service\logs
2025-12-29 03:08:49,799 - api - INFO - Loaded user KB settings from user_kb_settings.json
2025-12-29 03:23:07,365 - api - INFO - Ensured directory exists: E:\previous D\ImportantFiles\Study\ThirdF\SA\bigwork\ai_service\ai_service\private_kb\user_81e5406c-86a5-4e45-bebc-0ce1def0364c\data\vector_db
2025-12-29 03:23:07,366 - api - INFO - Ensured directory exists: E:\previous D\ImportantFiles\Study\ThirdF\SA\bigwork\ai_service\ai_service\private_kb\user_81e5406c-86a5-4e45-bebc-0ce1def0364c\storage\documents
2025-12-29 03:23:07,367 - api - INFO - Ensured directory exists: E:\previous D\ImportantFiles\Study\ThirdF\SA\bigwork\ai_service\ai_service\private_kb\user_81e5406c-86a5-4e45-bebc-0ce1def0364c\storage\temp
2025-12-29 03:23:07,367 - api - INFO - Ensured directory exists: E:\previous D\ImportantFiles\Study\ThirdF\SA\bigwork\ai_service\ai_service\private_kb\user_81e5406c-86a5-4e45-bebc-0ce1def0364c\logs
2025-12-29 03:23:07,511 - api - INFO - 用户 81e5406c-86a5-4e45-bebc-0ce1def0364c 的服务实例已创建，当前知识库: ['private']
2025-12-29 03:23:21,379 - api - INFO - Saved document to E:\previous D\ImportantFiles\Study\ThirdF\SA\bigwork\ai_service\ai_service\private_kb\user_81e5406c-86a5-4e45-bebc-0ce1def0364c\storage\documents\93e79b02-0b16-41b7-b01c-ca133506a209\20251229\c0f98f026d8d4f1daac4e417b62f8f4d_032321.pdf
2025-12-29 03:23:21,382 - api - INFO - Saved document to E:\previous D\ImportantFiles\Study\ThirdF\SA\bigwork\ai_service\ai_service\private_kb\user_81e5406c-86a5-4e45-bebc-0ce1def0364c\storage\documents\93e79b02-0b16-41b7-b01c-ca133506a209\20251229\c0f98f026d8d4f1daac4e417b62f8f4d_032321.pdf
2025-12-29 03:23:22,366 - api - INFO - Successfully parsed file c0f98f026d8d4f1daac4e417b62f8f4d.pdf into 5 chunks
2025-12-29 03:23:24,205 - api - INFO - Successfully added 5 chunks to knowledge base
