2025-12-28 00:26:27,589 - doc_parser - WARNING - Tesseract 未安装或未配置，图片型 PDF 将跳过 OCR 提取。
2025-12-28 00:37:48,681 - doc_parser - WARNING - PDF E:\previous D\ImportantFiles\Study\ThirdF\SA\bigwork\ai_service\ai_service\private_kb\user_81e5406c-86a5-4e45-bebc-0ce1def0364c\storage\documents\20251228\90d53956b0b34293b93f921479ea17c2_003748.pdf 第1页无可提取文本，且未配置Tesseract，跳过OCR
2025-12-28 00:37:48,686 - doc_parser - WARNING - PDF E:\previous D\ImportantFiles\Study\ThirdF\SA\bigwork\ai_service\ai_service\private_kb\user_81e5406c-86a5-4e45-bebc-0ce1def0364c\storage\documents\20251228\90d53956b0b34293b93f921479ea17c2_003748.pdf 第2页无可提取文本，且未配置Tesseract，跳过OCR
2025-12-28 00:37:48,687 - doc_parser - ERROR - PDF E:\previous D\ImportantFiles\Study\ThirdF\SA\bigwork\ai_service\ai_service\private_kb\user_81e5406c-86a5-4e45-bebc-0ce1def0364c\storage\documents\20251228\90d53956b0b34293b93f921479ea17c2_003748.pdf 无可提取文本，可能是无文本或加密PDF
2025-12-28 00:37:48,688 - doc_parser - ERROR - Error parsing PDF file E:\previous D\ImportantFiles\Study\ThirdF\SA\bigwork\ai_service\ai_service\private_kb\user_81e5406c-86a5-4e45-bebc-0ce1def0364c\storage\documents\20251228\90d53956b0b34293b93f921479ea17c2_003748.pdf: PDF无可提取文本，可能是无文本图片型PDF或加密PDF
2025-12-28 00:37:48,689 - doc_parser - ERROR - Error parsing file E:\previous D\ImportantFiles\Study\ThirdF\SA\bigwork\ai_service\ai_service\private_kb\user_81e5406c-86a5-4e45-bebc-0ce1def0364c\storage\documents\20251228\90d53956b0b34293b93f921479ea17c2_003748.pdf: PDF无可提取文本，可能是无文本图片型PDF或加密PDF
2025-12-28 00:39:04,131 - doc_parser - INFO - Successfully parsed PDF file: E:\previous D\ImportantFiles\Study\ThirdF\SA\bigwork\ai_service\ai_service\private_kb\user_81e5406c-86a5-4e45-bebc-0ce1def0364c\storage\documents\20251228\9d79fc85c26348aaa16a3794804ea3f1_003900.pdf，共15个分块，0页无文本
2025-12-28 01:08:12,133 - doc_parser - INFO - Successfully parsed PDF file: E:\previous D\ImportantFiles\Study\ThirdF\SA\bigwork\ai_service\ai_service\private_kb\user_81e5406c-86a5-4e45-bebc-0ce1def0364c\storage\documents\20251228\664c6012d7cb4700a236b18014848734_010805.pdf，共15个分块，0页无文本
2025-12-28 01:08:22,389 - doc_parser - INFO - Successfully parsed PDF file: E:\previous D\ImportantFiles\Study\ThirdF\SA\bigwork\ai_service\ai_service\private_kb\user_81e5406c-86a5-4e45-bebc-0ce1def0364c\storage\documents\20251228\dc52813861d5404b8349307aadcd9e63_010817.pdf，共15个分块，0页无文本
2025-12-28 01:08:33,395 - doc_parser - INFO - Successfully parsed PDF file: E:\previous D\ImportantFiles\Study\ThirdF\SA\bigwork\ai_service\ai_service\private_kb\user_81e5406c-86a5-4e45-bebc-0ce1def0364c\storage\documents\20251228\d90362c0634c43e3ac0dd584cc5711ee_010832.pdf，共4个分块，0页无文本
2025-12-28 01:11:49,378 - doc_parser - INFO - Successfully parsed PDF file: E:\previous D\ImportantFiles\Study\ThirdF\SA\bigwork\ai_service\ai_service\private_kb\user_81e5406c-86a5-4e45-bebc-0ce1def0364c\storage\documents\20251228\036879b2410c4fb98b251131fca90871_011144.pdf，共15个分块，0页无文本
2025-12-28 01:20:41,098 - doc_parser - INFO - Successfully parsed PDF file: E:\previous D\ImportantFiles\Study\ThirdF\SA\bigwork\ai_service\ai_service\private_kb\user_81e5406c-86a5-4e45-bebc-0ce1def0364c\storage\documents\20251228\ee8c76096613475cba58468068dc22fe_012038.pdf，共5个分块，0页无文本
2025-12-28 01:49:35,830 - doc_parser - INFO - Successfully parsed PDF file: E:\previous D\ImportantFiles\Study\ThirdF\SA\bigwork\ai_service\ai_service\private_kb\user_81e5406c-86a5-4e45-bebc-0ce1def0364c\storage\documents\20251228\3d2789f098604c19897db7ef76317be1_014933.pdf，共5个分块，0页无文本
2025-12-28 01:49:56,624 - doc_parser - INFO - Successfully parsed PDF file: E:\previous D\ImportantFiles\Study\ThirdF\SA\bigwork\ai_service\ai_service\private_kb\user_81e5406c-86a5-4e45-bebc-0ce1def0364c\storage\documents\20251228\d1dd776986a840a7a4f879f3596507c4_014955.pdf，共5个分块，0页无文本
2025-12-28 02:11:18,305 - doc_parser - WARNING - Tesseract 未安装或未配置，图片型 PDF 将跳过 OCR 提取。
2025-12-28 09:17:33,192 - doc_parser - WARNING - Tesseract 未安装或未配置，图片型 PDF 将跳过 OCR 提取。
2025-12-28 09:19:25,766 - doc_parser - INFO - Successfully parsed PDF file: E:\previous D\ImportantFiles\Study\ThirdF\SA\bigwork\ai_service\ai_service\private_kb\user_81e5406c-86a5-4e45-bebc-0ce1def0364c\storage\documents\20251228\ec1103ca9a7047f7a6ddb5d080e8ffc4_091922.pdf，共15个分块，0页无文本
2025-12-28 09:37:35,704 - doc_parser - WARNING - Tesseract 未安装或未配置，图片型 PDF 将跳过 OCR 提取。
2025-12-28 09:38:23,664 - doc_parser - WARNING - Tesseract 未安装或未配置，图片型 PDF 将跳过 OCR 提取。
2025-12-28 09:39:17,475 - doc_parser - WARNING - Tesseract 未安装或未配置，图片型 PDF 将跳过 OCR 提取。
2025-12-28 09:57:53,936 - doc_parser - WARNING - Tesseract 未安装或未配置，图片型 PDF 将跳过 OCR 提取。
2025-12-28 10:18:49,209 - doc_parser - WARNING - Tesseract 未安装或未配置，图片型 PDF 将跳过 OCR 提取。
2025-12-28 10:41:54,612 - doc_parser - WARNING - Tesseract 未安装或未配置，图片型 PDF 将跳过 OCR 提取。
2025-12-28 10:42:28,994 - doc_parser - WARNING - PDF E:\previous D\ImportantFiles\Study\ThirdF\SA\bigwork\ai_service\ai_service\private_kb\user_81e5406c-86a5-4e45-bebc-0ce1def0364c\storage\documents\20251228\7489964142284ae6a46a0f3f71e4d23d_104227.pdf 第1页无可提取文本，且未配置Tesseract，跳过OCR
2025-12-28 10:42:30,028 - doc_parser - WARNING - PDF E:\previous D\ImportantFiles\Study\ThirdF\SA\bigwork\ai_service\ai_service\private_kb\user_81e5406c-86a5-4e45-bebc-0ce1def0364c\storage\documents\20251228\7489964142284ae6a46a0f3f71e4d23d_104227.pdf 第2页无可提取文本，且未配置Tesseract，跳过OCR
2025-12-28 10:42:32,137 - doc_parser - WARNING - PDF E:\previous D\ImportantFiles\Study\ThirdF\SA\bigwork\ai_service\ai_service\private_kb\user_81e5406c-86a5-4e45-bebc-0ce1def0364c\storage\documents\20251228\7489964142284ae6a46a0f3f71e4d23d_104227.pdf 第3页无可提取文本，且未配置Tesseract，跳过OCR
2025-12-28 10:42:33,766 - doc_parser - WARNING - PDF E:\previous D\ImportantFiles\Study\ThirdF\SA\bigwork\ai_service\ai_service\private_kb\user_81e5406c-86a5-4e45-bebc-0ce1def0364c\storage\documents\20251228\7489964142284ae6a46a0f3f71e4d23d_104227.pdf 第4页无可提取文本，且未配置Tesseract，跳过OCR
2025-12-28 10:42:35,549 - doc_parser - WARNING - PDF E:\previous D\ImportantFiles\Study\ThirdF\SA\bigwork\ai_service\ai_service\private_kb\user_81e5406c-86a5-4e45-bebc-0ce1def0364c\storage\documents\20251228\7489964142284ae6a46a0f3f71e4d23d_104227.pdf 第5页无可提取文本，且未配置Tesseract，跳过OCR
2025-12-28 10:42:37,467 - doc_parser - WARNING - PDF E:\previous D\ImportantFiles\Study\ThirdF\SA\bigwork\ai_service\ai_service\private_kb\user_81e5406c-86a5-4e45-bebc-0ce1def0364c\storage\documents\20251228\7489964142284ae6a46a0f3f71e4d23d_104227.pdf 第6页无可提取文本，且未配置Tesseract，跳过OCR
2025-12-28 10:42:38,559 - doc_parser - WARNING - PDF E:\previous D\ImportantFiles\Study\ThirdF\SA\bigwork\ai_service\ai_service\private_kb\user_81e5406c-86a5-4e45-bebc-0ce1def0364c\storage\documents\20251228\7489964142284ae6a46a0f3f71e4d23d_104227.pdf 第7页无可提取文本，且未配置Tesseract，跳过OCR
2025-12-28 10:42:39,593 - doc_parser - WARNING - PDF E:\previous D\ImportantFiles\Study\ThirdF\SA\bigwork\ai_service\ai_service\private_kb\user_81e5406c-86a5-4e45-bebc-0ce1def0364c\storage\documents\20251228\7489964142284ae6a46a0f3f71e4d23d_104227.pdf 第8页无可提取文本，且未配置Tesseract，跳过OCR
2025-12-28 10:42:40,806 - doc_parser - WARNING - PDF E:\previous D\ImportantFiles\Study\ThirdF\SA\bigwork\ai_service\ai_service\private_kb\user_81e5406c-86a5-4e45-bebc-0ce1def0364c\storage\documents\20251228\7489964142284ae6a46a0f3f71e4d23d_104227.pdf 第9页无可提取文本，且未配置Tesseract，跳过OCR
2025-12-28 10:42:44,334 - doc_parser - WARNING - PDF E:\previous D\ImportantFiles\Study\ThirdF\SA\bigwork\ai_service\ai_service\private_kb\user_81e5406c-86a5-4e45-bebc-0ce1def0364c\storage\documents\20251228\7489964142284ae6a46a0f3f71e4d23d_104227.pdf 第10页无可提取文本，且未配置Tesseract，跳过OCR
2025-12-28 10:42:46,672 - doc_parser - WARNING - PDF E:\previous D\ImportantFiles\Study\ThirdF\SA\bigwork\ai_service\ai_service\private_kb\user_81e5406c-86a5-4e45-bebc-0ce1def0364c\storage\documents\20251228\7489964142284ae6a46a0f3f71e4d23d_104227.pdf 第11页无可提取文本，且未配置Tesseract，跳过OCR
2025-12-28 10:42:46,672 - doc_parser - ERROR - PDF E:\previous D\ImportantFiles\Study\ThirdF\SA\bigwork\ai_service\ai_service\private_kb\user_81e5406c-86a5-4e45-bebc-0ce1def0364c\storage\documents\20251228\7489964142284ae6a46a0f3f71e4d23d_104227.pdf 无可提取文本，可能是无文本或加密PDF
2025-12-28 10:42:46,673 - doc_parser - ERROR - Error parsing PDF file E:\previous D\ImportantFiles\Study\ThirdF\SA\bigwork\ai_service\ai_service\private_kb\user_81e5406c-86a5-4e45-bebc-0ce1def0364c\storage\documents\20251228\7489964142284ae6a46a0f3f71e4d23d_104227.pdf: PDF无可提取文本，可能是无文本图片型PDF或加密PDF
2025-12-28 10:42:46,674 - doc_parser - ERROR - Error parsing file E:\previous D\ImportantFiles\Study\ThirdF\SA\bigwork\ai_service\ai_service\private_kb\user_81e5406c-86a5-4e45-bebc-0ce1def0364c\storage\documents\20251228\7489964142284ae6a46a0f3f71e4d23d_104227.pdf: PDF无可提取文本，可能是无文本图片型PDF或加密PDF
2025-12-28 10:42:52,944 - doc_parser - INFO - Successfully parsed PDF file: E:\previous D\ImportantFiles\Study\ThirdF\SA\bigwork\ai_service\ai_service\private_kb\user_81e5406c-86a5-4e45-bebc-0ce1def0364c\storage\documents\20251228\ba11123a428041c88dcf590dc030dc91_104249.pdf，共15个分块，0页无文本
2025-12-28 10:45:33,823 - doc_parser - INFO - Successfully parsed PDF file: E:\previous D\ImportantFiles\Study\ThirdF\SA\bigwork\ai_service\ai_service\private_kb\user_81e5406c-86a5-4e45-bebc-0ce1def0364c\storage\documents\20251228\dda86ff5a4e44ac7a4a0308ce590d909_104531.pdf，共6个分块，0页无文本
2025-12-28 10:50:19,869 - doc_parser - WARNING - Tesseract 未安装或未配置，图片型 PDF 将跳过 OCR 提取。
2025-12-28 10:55:10,887 - doc_parser - INFO - Successfully parsed PDF file: E:\previous D\ImportantFiles\Study\ThirdF\SA\bigwork\ai_service\ai_service\private_kb\user_81e5406c-86a5-4e45-bebc-0ce1def0364c\storage\documents\20251228\79de843a9ed84c60ae7cb272ed5e2d8c_105509.pdf，共5个分块，0页无文本
2025-12-28 11:03:38,101 - doc_parser - WARNING - Tesseract 未安装或未配置，图片型 PDF 将跳过 OCR 提取。
2025-12-28 11:04:50,094 - doc_parser - INFO - Successfully parsed PDF file: E:\previous D\ImportantFiles\Study\ThirdF\SA\bigwork\ai_service\ai_service\private_kb\user_81e5406c-86a5-4e45-bebc-0ce1def0364c\storage\documents\20251228\21a55d54ae0d48378cbd5da299729231_110449.pdf，共5个分块，0页无文本
2025-12-28 11:05:58,236 - doc_parser - INFO - Successfully parsed PDF file: E:\previous D\ImportantFiles\Study\ThirdF\SA\bigwork\ai_service\ai_service\private_kb\user_81e5406c-86a5-4e45-bebc-0ce1def0364c\storage\documents\20251228\462647b3e6d048f2916e0ad05ad1f9a4_110554.pdf，共15个分块，0页无文本
2025-12-28 11:28:12,705 - doc_parser - WARNING - Tesseract 未安装或未配置，图片型 PDF 将跳过 OCR 提取。
2025-12-28 11:28:44,213 - doc_parser - WARNING - Tesseract 未安装或未配置，图片型 PDF 将跳过 OCR 提取。
2025-12-28 11:29:03,110 - doc_parser - INFO - Successfully parsed PDF file: E:\previous D\ImportantFiles\Study\ThirdF\SA\bigwork\ai_service\ai_service\private_kb\user_81e5406c-86a5-4e45-bebc-0ce1def0364c\storage\documents\20251228\19280c2fcc974e59a963e50f48f38d92_112859.pdf，共15个分块，0页无文本
2025-12-28 11:33:31,433 - doc_parser - WARNING - Tesseract 未安装或未配置，图片型 PDF 将跳过 OCR 提取。
2025-12-28 11:35:50,898 - doc_parser - INFO - Successfully parsed PDF file: E:\previous D\ImportantFiles\Study\ThirdF\SA\bigwork\ai_service\ai_service\private_kb\user_81e5406c-86a5-4e45-bebc-0ce1def0364c\storage\documents\feab5439-7cf7-4538-b50c-f2dbf484c867\20251228\f21822c2d27f47dd8d16685a1eea1554_113546.pdf，共15个分块，0页无文本
2025-12-28 11:36:30,309 - doc_parser - INFO - Successfully parsed PDF file: E:\previous D\ImportantFiles\Study\ThirdF\SA\bigwork\ai_service\ai_service\private_kb\user_81e5406c-86a5-4e45-bebc-0ce1def0364c\storage\documents\b9d53a01-5620-4711-8f32-74ec508868e2\20251228\eaf649ca9ac0409681a3a77f796de333_113626.pdf，共15个分块，0页无文本
2025-12-28 11:36:41,852 - doc_parser - INFO - Successfully parsed PDF file: E:\previous D\ImportantFiles\Study\ThirdF\SA\bigwork\ai_service\ai_service\private_kb\user_81e5406c-86a5-4e45-bebc-0ce1def0364c\storage\documents\b9d53a01-5620-4711-8f32-74ec508868e2\20251228\c5b6f638c8914eadb37174378633c6ae_113640.pdf，共5个分块，0页无文本
2025-12-28 11:40:01,905 - doc_parser - WARNING - Tesseract 未安装或未配置，图片型 PDF 将跳过 OCR 提取。
2025-12-28 11:47:08,206 - doc_parser - WARNING - Tesseract 未安装或未配置，图片型 PDF 将跳过 OCR 提取。
2025-12-28 16:04:33,793 - doc_parser - WARNING - Tesseract 未安装或未配置，图片型 PDF 将跳过 OCR 提取。
2025-12-28 16:05:49,610 - doc_parser - INFO - Successfully parsed PDF file: E:\previous D\ImportantFiles\Study\ThirdF\SA\bigwork\ai_service\ai_service\private_kb\user_81e5406c-86a5-4e45-bebc-0ce1def0364c\storage\documents\f02cf661-68f6-408d-8ead-017a872e8955\20251228\131e770f54d745a9a887908e9d814de2_160548.pdf，共6个分块，0页无文本
2025-12-28 16:10:00,492 - doc_parser - WARNING - Tesseract 未安装或未配置，图片型 PDF 将跳过 OCR 提取。
2025-12-28 16:10:28,141 - doc_parser - INFO - Successfully parsed PDF file: E:\previous D\ImportantFiles\Study\ThirdF\SA\bigwork\ai_service\ai_service\private_kb\user_81e5406c-86a5-4e45-bebc-0ce1def0364c\storage\documents\f849b1e3-0437-4c3a-821e-20e1fbf3266f\20251228\53b91e423ddd4132be7be7d3ce7ac27c_161027.pdf，共6个分块，0页无文本
2025-12-28 17:26:30,973 - doc_parser - WARNING - Tesseract 未安装或未配置，图片型 PDF 将跳过 OCR 提取。
2025-12-28 17:27:52,331 - doc_parser - INFO - Successfully parsed PDF file: E:\previous D\ImportantFiles\Study\ThirdF\SA\bigwork\ai_service\ai_service\private_kb\user_e752e295-6944-4f0f-931e-8bed9e57e0a3\storage\documents\dd4e4b9e-33a6-4d75-8fce-d38a6d5b1e2f\20251228\eefa02650ef04ae3801e13f1acb80905_172750.pdf，共5个分块，0页无文本
